2025-02-03 22:01:11 | DEBUG | This is a debug message.
2025-02-03 22:01:11 | INFO | This is an info message.
2025-02-03 22:01:11 | WARNING | This is a warning message.
2025-02-03 22:01:11 | ERROR | This is an error message.
2025-02-03 22:01:11 | CRITICAL | This is a critical message.
2025-02-03 22:04:10 | DEBUG | This is a debug message.
2025-02-03 22:04:10 | INFO | This is an info message.
2025-02-03 22:04:10 | WARNING | This is a warning message.
2025-02-03 22:04:10 | ERROR | This is an error message.
2025-02-03 22:04:10 | CRITICAL | This is a critical message.
2025-02-03 22:05:50 | DEBUG | This is a debug message.
2025-02-03 22:05:50 | INFO | This is an info message.
2025-02-03 22:05:50 | WARNING | This is a warning message.
2025-02-03 22:05:50 | ERROR | This is an error message.
2025-02-03 22:05:50 | CRITICAL | This is a critical message.
2025-02-03 22:58:32 | DEBUG | This is a debug message.
2025-02-03 22:58:32 | INFO | This is an info message.
2025-02-03 22:58:32 | WARNING | This is a warning message.
2025-02-03 22:58:32 | ERROR | This is an error message.
2025-02-03 22:58:32 | CRITICAL | This is a critical message.
